<?xml version="1.0" encoding="UTF-8"?>
<!-- Generated by org.testng.reporters.JUnitXMLReporter -->
<testsuite ignored="0" hostname="LAPTOP-64IDSUCS" failures="0" tests="3" name="Default test" time="0.086" errors="0" timestamp="2023-03-06T13:46:16 IST">
  <testcase classname="testScripts.HomepageTest" name="@BeforeClass startApplication" time="-1.678090576047E9">
    <failure type="org.testng.TestNGException" message="
Parameter &amp;apos;myUrl&amp;apos; is required by BeforeClass on method startApplication but has not been marked @Optional or defined
in C:\Users\hp\AppData\Local\Temp\testng-eclipse--687741172\testng-customsuite.xml">
      <![CDATA[org.testng.TestNGException: 
Parameter 'myUrl' is required by BeforeClass on method startApplication but has not been marked @Optional or defined
in C:\Users\hp\AppData\Local\Temp\testng-eclipse--687741172\testng-customsuite.xml
at org.testng.internal.Parameters.createParams(Parameters.java:270)
at org.testng.internal.Parameters.createParametersForMethod(Parameters.java:358)
at org.testng.internal.Parameters.createParameters(Parameters.java:700)
at org.testng.internal.Parameters.createConfigurationParameters(Parameters.java:168)
at org.testng.internal.ConfigInvoker.invokeConfigurations(ConfigInvoker.java:302)
at org.testng.internal.TestMethodWorker.invokeBeforeClassMethods(TestMethodWorker.java:176)
at org.testng.internal.TestMethodWorker.run(TestMethodWorker.java:122)
at java.base/java.util.ArrayList.forEach(ArrayList.java:1511)
at org.testng.TestRunner.privateRun(TestRunner.java:794)
at org.testng.TestRunner.run(TestRunner.java:596)
at org.testng.SuiteRunner.runTest(SuiteRunner.java:377)
at org.testng.SuiteRunner.runSequentially(SuiteRunner.java:371)
at org.testng.SuiteRunner.privateRun(SuiteRunner.java:332)
at org.testng.SuiteRunner.run(SuiteRunner.java:276)
at org.testng.SuiteRunnerWorker.runSuite(SuiteRunnerWorker.java:53)
at org.testng.SuiteRunnerWorker.run(SuiteRunnerWorker.java:96)
at org.testng.TestNG.runSuitesSequentially(TestNG.java:1212)
at org.testng.TestNG.runSuitesLocally(TestNG.java:1134)
at org.testng.TestNG.runSuites(TestNG.java:1063)
at org.testng.TestNG.run(TestNG.java:1031)
at org.testng.remote.AbstractRemoteTestNG.run(AbstractRemoteTestNG.java:115)
at org.testng.remote.RemoteTestNG.initAndRun(RemoteTestNG.java:251)
at org.testng.remote.RemoteTestNG.main(RemoteTestNG.java:77)
]]>
    </failure>
  </testcase> <!-- @BeforeClass startApplication -->
  <testcase classname="testScripts.HomepageTest" name="@AfterClass quitBrowser" time="-1.678090576102E9">
    <skipped/>
  </testcase> <!-- @AfterClass quitBrowser -->
  <testcase classname="testScripts.HomepageTest" name="logoTest" time="0.0">
    <skipped/>
  </testcase> <!-- logoTest -->
  <testcase classname="testScripts.HomepageTest" name="loginButtonVisible" time="0.0">
    <skipped/>
  </testcase> <!-- loginButtonVisible -->
  <testcase classname="testScripts.HomepageTest" name="loginButtonTest" time="0.0">
    <skipped/>
  </testcase> <!-- loginButtonTest -->
</testsuite> <!-- Default test -->
